Arguments: 
  C:\Program Files\nodejs\node.exe C:\Users\sgcg5\AppData\Roaming\npm\node_modules\yarn\bin\yarn.js add react-native-elements

PATH: 
  C:\ProgramData\Oracle\Java\javapath;C:\Windows\system32;C:\Windows;C:\Windows\System32\Wbem;C:\Windows\System32\WindowsPowerShell\v1.0\;C:\Program Files (x86)\NVIDIA Corporation\PhysX\Common;C:\Program Files (x86)\Lua\5.1;C:\Program Files (x86)\Lua\5.1\clibs;C:\Program Files (x86)\Skype\Phone\;C:\xampp\php;C:\ProgramData\ComposerSetup\bin;C:\Program Files\nodejs\;C:\Program Files\Git\cmd;C:\cygwin64\bin;C:\ProgramData\chocolatey\bin;C:\Users\sgcg5\AppData\Local\Microsoft\WindowsApps;C:\Users\sgcg5\AppData\Local\atom\bin;C:\Users\sgcg5\AppData\Roaming\Composer\vendor\bin;C:\Users\sgcg5\AppData\Roaming\npm

Yarn version: 
  0.27.5

Node version: 
  6.11.2

Platform: 
  win32 x64

npm manifest: 
  {
    "name": "unaguas-test",
    "version": "0.0.0",
    "description": "Hello Expo!",
    "author": null,
    "license": "",
    "main": "node_modules/expo/AppEntry.js",
    "scripts": {
      "test": "node ./node_modules/jest/bin/jest.js --watch"
    },
    "jest": {
      "preset": "jest-expo"
    },
    "dependencies": {
      "@expo/samples": "^2.0.2",
      "expo": "^20.0.0",
      "react": "16.0.0-alpha.12",
      "react-native": "https://github.com/expo/react-native/archive/sdk-20.0.0.tar.gz",
      "react-navigation": "^1.0.0-beta.12"
    },
    "devDependencies": {
      "jest-expo": "^20.0.0"
    }
  }

yarn manifest: 
  No manifest

Lockfile: 
  No lockfile

Trace: 
  Error: EPERM: operation not permitted, unlink 'C:\Users\sgcg5\Documents\Projects\React Native\unaguas-test\node_modules\deep-extend\lib'
      at Error (native)
